<?xml version="1.0" encoding="UTF-8"?>
<!-- Generated by org.testng.reporters.JUnitReportReporter -->
<testsuite hostname="DESKTOP-8R7K7D8" failures="0" tests="2" name="Package1.ContactTest" time="0.009" errors="0" timestamp="30 Jan 2025 12:39:43 GMT" skipped="0">
  <testcase classname="Package1.ContactTest" name="createContactTest" time="0.009"/>
  <testcase classname="Package1.ContactTest" name="modifycontactTest" time="0.000"/>
</testsuite> <!-- Package1.ContactTest -->
