<?xml version="1.0" encoding="UTF-8"?>
<!-- Generated by org.testng.reporters.JUnitReportReporter -->
<testsuite hostname="DESKTOP-8R7K7D8" failures="0" tests="2" name="Package2.OrgTest" time="0.001" errors="0" timestamp="30 Jan 2025 12:39:43 GMT" skipped="0">
  <testcase classname="Package2.OrgTest" name="modifyOrgTest" time="0.000"/>
  <testcase classname="Package2.OrgTest" name="createOrgTest" time="0.001"/>
</testsuite> <!-- Package2.OrgTest -->
